-------------------------------------------------------------------------------
Test set: example.multi.bean.TestMultiBean
-------------------------------------------------------------------------------
Tests run: 1, Failures: 1, Errors: 0, Skipped: 0, Time elapsed: 0 s <<< FAILURE! - in example.multi.bean.TestMultiBean
test(example.multi.bean.TestMultiBean)  Time elapsed: 0 s  <<< FAILURE!
java.lang.AssertionError: Not yet implemented
	at example.multi.bean.TestMultiBean.test(TestMultiBean.java:21)

